show all arguments configuration...
Namespace(batch_size=32, dataset='PTC', device=0, disable_cuda=False, epochs=350, filename='', final_dropout=0.5, fold_idx=0, graph_pooling_type='sum', hidden_dim=64, learn_eps=False, lr=0.01, model='gcn', neighbor_pooling_type='sum', num_layers=5, num_mlp_layers=2, seed=0)
train_set : test_set = %d : %d 309 35
[epoch 0][train_loss, train_acc, valid_loss, valid_acc] : 1.4789 0.5631 1.4688 0.5429
[epoch 1][train_loss, train_acc, valid_loss, valid_acc] : 3.2439 0.5696 3.0721 0.5429
[epoch 2][train_loss, train_acc, valid_loss, valid_acc] : 1.5551 0.5890 1.8347 0.6000
[epoch 3][train_loss, train_acc, valid_loss, valid_acc] : 1.6154 0.5243 1.6067 0.4571
[epoch 4][train_loss, train_acc, valid_loss, valid_acc] : 2.2672 0.5307 1.4774 0.5714
[epoch 5][train_loss, train_acc, valid_loss, valid_acc] : 2.1978 0.5437 3.1327 0.4000
[epoch 6][train_loss, train_acc, valid_loss, valid_acc] : 1.9838 0.6181 0.9845 0.7714
[epoch 7][train_loss, train_acc, valid_loss, valid_acc] : 1.9077 0.6246 2.8335 0.4286
[epoch 8][train_loss, train_acc, valid_loss, valid_acc] : 4.8117 0.5696 4.3595 0.5714
[epoch 9][train_loss, train_acc, valid_loss, valid_acc] : 1.7225 0.6149 2.0587 0.5714
[epoch 10][train_loss, train_acc, valid_loss, valid_acc] : 1.5456 0.6311 1.1663 0.6000
[epoch 11][train_loss, train_acc, valid_loss, valid_acc] : 3.3260 0.5922 3.4625 0.5429
[epoch 12][train_loss, train_acc, valid_loss, valid_acc] : 1.9635 0.5987 1.4282 0.5714
[epoch 13][train_loss, train_acc, valid_loss, valid_acc] : 2.6594 0.5243 3.1533 0.4857
[epoch 14][train_loss, train_acc, valid_loss, valid_acc] : 4.2875 0.5178 2.5547 0.5714
[epoch 15][train_loss, train_acc, valid_loss, valid_acc] : 1.9046 0.5955 1.5695 0.5143
[epoch 16][train_loss, train_acc, valid_loss, valid_acc] : 1.0388 0.6019 0.9404 0.5429
[epoch 17][train_loss, train_acc, valid_loss, valid_acc] : 1.8138 0.6311 1.5600 0.6286
[epoch 18][train_loss, train_acc, valid_loss, valid_acc] : 2.1869 0.6149 2.5174 0.6000
[epoch 19][train_loss, train_acc, valid_loss, valid_acc] : 1.6466 0.6343 1.2712 0.6000
[epoch 20][train_loss, train_acc, valid_loss, valid_acc] : 1.4261 0.6181 1.1584 0.6000
[epoch 21][train_loss, train_acc, valid_loss, valid_acc] : 1.5139 0.5405 1.0249 0.5143
[epoch 22][train_loss, train_acc, valid_loss, valid_acc] : 1.2353 0.5534 1.1674 0.5143
[epoch 23][train_loss, train_acc, valid_loss, valid_acc] : 1.7784 0.5469 1.1666 0.5714
[epoch 24][train_loss, train_acc, valid_loss, valid_acc] : 1.5499 0.6214 1.5170 0.6286
[epoch 25][train_loss, train_acc, valid_loss, valid_acc] : 0.8804 0.5340 0.9555 0.5143
[epoch 26][train_loss, train_acc, valid_loss, valid_acc] : 1.3706 0.5534 0.9286 0.5714
[epoch 27][train_loss, train_acc, valid_loss, valid_acc] : 1.1640 0.5307 1.0744 0.5429
[epoch 28][train_loss, train_acc, valid_loss, valid_acc] : 1.1072 0.5858 1.0903 0.4571
[epoch 29][train_loss, train_acc, valid_loss, valid_acc] : 0.8892 0.6505 0.9027 0.6000
[epoch 30][train_loss, train_acc, valid_loss, valid_acc] : 1.2867 0.6181 0.9880 0.5714
[epoch 31][train_loss, train_acc, valid_loss, valid_acc] : 1.9309 0.5761 1.9116 0.6000
[epoch 32][train_loss, train_acc, valid_loss, valid_acc] : 1.1173 0.5566 1.3333 0.4286
[epoch 33][train_loss, train_acc, valid_loss, valid_acc] : 1.4199 0.6084 1.0236 0.6000
[epoch 34][train_loss, train_acc, valid_loss, valid_acc] : 0.7756 0.6440 0.9045 0.5714
[epoch 35][train_loss, train_acc, valid_loss, valid_acc] : 1.4675 0.6602 1.0143 0.6000
[epoch 36][train_loss, train_acc, valid_loss, valid_acc] : 1.6568 0.6117 1.5141 0.6286
[epoch 37][train_loss, train_acc, valid_loss, valid_acc] : 0.9977 0.5631 0.8631 0.6000
[epoch 38][train_loss, train_acc, valid_loss, valid_acc] : 0.8744 0.6278 1.0196 0.4857
[epoch 39][train_loss, train_acc, valid_loss, valid_acc] : 0.9324 0.5858 1.0027 0.6000
[epoch 40][train_loss, train_acc, valid_loss, valid_acc] : 0.9443 0.5761 0.9814 0.5429
[epoch 41][train_loss, train_acc, valid_loss, valid_acc] : 0.7211 0.6472 0.7462 0.5429
[epoch 42][train_loss, train_acc, valid_loss, valid_acc] : 0.6440 0.6634 0.5988 0.6000
[epoch 43][train_loss, train_acc, valid_loss, valid_acc] : 0.8574 0.5502 0.8423 0.5143
[epoch 44][train_loss, train_acc, valid_loss, valid_acc] : 1.2626 0.5566 0.7714 0.5429
[epoch 45][train_loss, train_acc, valid_loss, valid_acc] : 1.5617 0.5793 1.4736 0.5429
[epoch 46][train_loss, train_acc, valid_loss, valid_acc] : 1.8201 0.4660 2.0296 0.4571
[epoch 47][train_loss, train_acc, valid_loss, valid_acc] : 1.4025 0.5858 0.9364 0.6000
[epoch 48][train_loss, train_acc, valid_loss, valid_acc] : 0.9411 0.6570 0.6858 0.5714
[epoch 49][train_loss, train_acc, valid_loss, valid_acc] : 0.6902 0.6375 0.6641 0.6571
[epoch 50][train_loss, train_acc, valid_loss, valid_acc] : 0.8782 0.6311 0.6607 0.5143
[epoch 51][train_loss, train_acc, valid_loss, valid_acc] : 0.6542 0.6343 0.7416 0.5429
[epoch 52][train_loss, train_acc, valid_loss, valid_acc] : 0.7235 0.6343 0.7673 0.5429
[epoch 53][train_loss, train_acc, valid_loss, valid_acc] : 0.7686 0.6537 0.7026 0.5714
[epoch 54][train_loss, train_acc, valid_loss, valid_acc] : 0.6622 0.6181 0.6474 0.6571
[epoch 55][train_loss, train_acc, valid_loss, valid_acc] : 0.6357 0.6149 0.6013 0.6000
[epoch 56][train_loss, train_acc, valid_loss, valid_acc] : 0.6439 0.6181 0.6483 0.6000
[epoch 57][train_loss, train_acc, valid_loss, valid_acc] : 0.7032 0.6408 0.6382 0.5714
[epoch 58][train_loss, train_acc, valid_loss, valid_acc] : 0.6446 0.6375 0.7514 0.4571
[epoch 59][train_loss, train_acc, valid_loss, valid_acc] : 0.6584 0.6667 0.6877 0.4571
[epoch 60][train_loss, train_acc, valid_loss, valid_acc] : 0.6043 0.6472 0.6717 0.5714
[epoch 61][train_loss, train_acc, valid_loss, valid_acc] : 0.6322 0.6052 0.6973 0.5143
[epoch 62][train_loss, train_acc, valid_loss, valid_acc] : 0.8287 0.6052 0.7898 0.6286
[epoch 63][train_loss, train_acc, valid_loss, valid_acc] : 0.6870 0.5793 0.7562 0.5143
[epoch 64][train_loss, train_acc, valid_loss, valid_acc] : 0.7671 0.6214 0.6881 0.6286
[epoch 65][train_loss, train_acc, valid_loss, valid_acc] : 1.1571 0.5016 1.2632 0.4857
[epoch 66][train_loss, train_acc, valid_loss, valid_acc] : 0.8128 0.6375 0.6444 0.5143
[epoch 67][train_loss, train_acc, valid_loss, valid_acc] : 0.6052 0.6505 0.7155 0.4857
[epoch 68][train_loss, train_acc, valid_loss, valid_acc] : 0.7417 0.6278 0.6494 0.6286
[epoch 69][train_loss, train_acc, valid_loss, valid_acc] : 0.5931 0.6731 0.6490 0.5714
[epoch 70][train_loss, train_acc, valid_loss, valid_acc] : 0.7920 0.6731 0.6446 0.6000
[epoch 71][train_loss, train_acc, valid_loss, valid_acc] : 0.6393 0.6440 0.6776 0.6000
[epoch 72][train_loss, train_acc, valid_loss, valid_acc] : 0.8226 0.5210 0.9251 0.5143
[epoch 73][train_loss, train_acc, valid_loss, valid_acc] : 0.7781 0.6117 0.6654 0.5714
[epoch 74][train_loss, train_acc, valid_loss, valid_acc] : 0.5837 0.6861 0.6484 0.5429
[epoch 75][train_loss, train_acc, valid_loss, valid_acc] : 0.5898 0.6667 0.6440 0.5429
[epoch 76][train_loss, train_acc, valid_loss, valid_acc] : 0.6437 0.6375 0.6056 0.6286
[epoch 77][train_loss, train_acc, valid_loss, valid_acc] : 0.5966 0.6667 0.6652 0.5714
[epoch 78][train_loss, train_acc, valid_loss, valid_acc] : 0.6016 0.6570 0.6883 0.5429
[epoch 79][train_loss, train_acc, valid_loss, valid_acc] : 0.7461 0.6278 0.6835 0.5429
[epoch 80][train_loss, train_acc, valid_loss, valid_acc] : 0.5929 0.6537 0.7400 0.5429
[epoch 81][train_loss, train_acc, valid_loss, valid_acc] : 0.6152 0.6408 0.7149 0.5143
[epoch 82][train_loss, train_acc, valid_loss, valid_acc] : 0.6869 0.6375 0.6146 0.5714
[epoch 83][train_loss, train_acc, valid_loss, valid_acc] : 0.6928 0.6472 0.6346 0.5429
[epoch 84][train_loss, train_acc, valid_loss, valid_acc] : 0.6351 0.6117 0.7581 0.5429
[epoch 85][train_loss, train_acc, valid_loss, valid_acc] : 0.7103 0.6311 0.7700 0.6286
[epoch 86][train_loss, train_acc, valid_loss, valid_acc] : 0.6694 0.6084 0.8022 0.4857
[epoch 87][train_loss, train_acc, valid_loss, valid_acc] : 0.6705 0.6537 0.6390 0.6571
[epoch 88][train_loss, train_acc, valid_loss, valid_acc] : 0.6169 0.6861 0.5950 0.5714
[epoch 89][train_loss, train_acc, valid_loss, valid_acc] : 0.6099 0.6505 0.7102 0.6286
[epoch 90][train_loss, train_acc, valid_loss, valid_acc] : 0.6628 0.6505 0.6682 0.5714
[epoch 91][train_loss, train_acc, valid_loss, valid_acc] : 0.6391 0.6278 0.7273 0.6000
[epoch 92][train_loss, train_acc, valid_loss, valid_acc] : 0.6762 0.5728 0.6702 0.5429
[epoch 93][train_loss, train_acc, valid_loss, valid_acc] : 0.7388 0.6343 0.6430 0.6286
[epoch 94][train_loss, train_acc, valid_loss, valid_acc] : 0.6338 0.6278 0.6626 0.5714
[epoch 95][train_loss, train_acc, valid_loss, valid_acc] : 0.5766 0.6861 0.6830 0.5143
[epoch 96][train_loss, train_acc, valid_loss, valid_acc] : 0.7080 0.6699 0.6491 0.5143
[epoch 97][train_loss, train_acc, valid_loss, valid_acc] : 0.6680 0.6311 0.7469 0.6000
[epoch 98][train_loss, train_acc, valid_loss, valid_acc] : 0.5987 0.6990 0.6683 0.6286
[epoch 99][train_loss, train_acc, valid_loss, valid_acc] : 0.6736 0.6634 0.6529 0.6857
[epoch 100][train_loss, train_acc, valid_loss, valid_acc] : 0.6071 0.6796 0.6651 0.6000
[epoch 101][train_loss, train_acc, valid_loss, valid_acc] : 0.6141 0.6828 0.7002 0.5143
[epoch 102][train_loss, train_acc, valid_loss, valid_acc] : 0.6072 0.6440 0.6731 0.6286
[epoch 103][train_loss, train_acc, valid_loss, valid_acc] : 0.5913 0.6602 0.6331 0.6000
[epoch 104][train_loss, train_acc, valid_loss, valid_acc] : 0.5858 0.6893 0.6751 0.5143
[epoch 105][train_loss, train_acc, valid_loss, valid_acc] : 0.5762 0.6764 0.6433 0.6000
[epoch 106][train_loss, train_acc, valid_loss, valid_acc] : 0.5943 0.6311 0.6887 0.4857
[epoch 107][train_loss, train_acc, valid_loss, valid_acc] : 0.5766 0.6893 0.6549 0.6000
[epoch 108][train_loss, train_acc, valid_loss, valid_acc] : 0.5662 0.6861 0.6215 0.5429
[epoch 109][train_loss, train_acc, valid_loss, valid_acc] : 0.5661 0.6764 0.6309 0.5429
[epoch 110][train_loss, train_acc, valid_loss, valid_acc] : 0.5673 0.6990 0.6429 0.6000
[epoch 111][train_loss, train_acc, valid_loss, valid_acc] : 0.5642 0.6926 0.6559 0.5143
[epoch 112][train_loss, train_acc, valid_loss, valid_acc] : 0.5691 0.7249 0.6274 0.6000
[epoch 113][train_loss, train_acc, valid_loss, valid_acc] : 0.6085 0.6893 0.6223 0.6571
[epoch 114][train_loss, train_acc, valid_loss, valid_acc] : 0.5710 0.7023 0.6546 0.5714
[epoch 115][train_loss, train_acc, valid_loss, valid_acc] : 0.5543 0.7184 0.6761 0.6571
[epoch 116][train_loss, train_acc, valid_loss, valid_acc] : 0.5847 0.6893 0.6632 0.6286
[epoch 117][train_loss, train_acc, valid_loss, valid_acc] : 0.5597 0.7152 0.6752 0.6286
[epoch 118][train_loss, train_acc, valid_loss, valid_acc] : 0.5690 0.6828 0.6526 0.6286
[epoch 119][train_loss, train_acc, valid_loss, valid_acc] : 0.5953 0.6958 0.6369 0.6286
[epoch 120][train_loss, train_acc, valid_loss, valid_acc] : 0.5687 0.7087 0.6365 0.5714
[epoch 121][train_loss, train_acc, valid_loss, valid_acc] : 0.5655 0.7217 0.6674 0.6000
[epoch 122][train_loss, train_acc, valid_loss, valid_acc] : 0.5703 0.6926 0.6715 0.6000
[epoch 123][train_loss, train_acc, valid_loss, valid_acc] : 0.5978 0.6861 0.6452 0.6286
[epoch 124][train_loss, train_acc, valid_loss, valid_acc] : 0.5849 0.6926 0.6437 0.5714
[epoch 125][train_loss, train_acc, valid_loss, valid_acc] : 0.5565 0.7120 0.6641 0.6571
[epoch 126][train_loss, train_acc, valid_loss, valid_acc] : 0.5833 0.7023 0.6261 0.6000
[epoch 127][train_loss, train_acc, valid_loss, valid_acc] : 0.5683 0.6731 0.6301 0.6000
[epoch 128][train_loss, train_acc, valid_loss, valid_acc] : 0.5621 0.6958 0.6338 0.6286
[epoch 129][train_loss, train_acc, valid_loss, valid_acc] : 0.6074 0.6796 0.5920 0.6857
[epoch 130][train_loss, train_acc, valid_loss, valid_acc] : 0.5489 0.7152 0.6021 0.6286
[epoch 131][train_loss, train_acc, valid_loss, valid_acc] : 0.6291 0.7023 0.6164 0.6000
[epoch 132][train_loss, train_acc, valid_loss, valid_acc] : 0.5795 0.6796 0.6411 0.6000
[epoch 133][train_loss, train_acc, valid_loss, valid_acc] : 0.5559 0.7023 0.6416 0.6286
[epoch 134][train_loss, train_acc, valid_loss, valid_acc] : 0.5674 0.6926 0.5982 0.6286
[epoch 135][train_loss, train_acc, valid_loss, valid_acc] : 0.6169 0.6926 0.6253 0.5714
[epoch 136][train_loss, train_acc, valid_loss, valid_acc] : 0.5607 0.6926 0.6303 0.5714
[epoch 137][train_loss, train_acc, valid_loss, valid_acc] : 0.6162 0.6570 0.6881 0.6571
[epoch 138][train_loss, train_acc, valid_loss, valid_acc] : 0.5608 0.6828 0.6575 0.4857
[epoch 139][train_loss, train_acc, valid_loss, valid_acc] : 0.6020 0.6861 0.6178 0.6286
[epoch 140][train_loss, train_acc, valid_loss, valid_acc] : 0.5871 0.6731 0.6396 0.5714
[epoch 141][train_loss, train_acc, valid_loss, valid_acc] : 0.5674 0.6828 0.6512 0.5714
[epoch 142][train_loss, train_acc, valid_loss, valid_acc] : 0.5715 0.7120 0.6137 0.6000
[epoch 143][train_loss, train_acc, valid_loss, valid_acc] : 0.5558 0.7055 0.5856 0.6000
[epoch 144][train_loss, train_acc, valid_loss, valid_acc] : 0.5555 0.7184 0.6131 0.6000
[epoch 145][train_loss, train_acc, valid_loss, valid_acc] : 0.5753 0.7282 0.6186 0.6286
[epoch 146][train_loss, train_acc, valid_loss, valid_acc] : 0.5491 0.7120 0.6144 0.5429
[epoch 147][train_loss, train_acc, valid_loss, valid_acc] : 0.5856 0.6667 0.6222 0.6571
[epoch 148][train_loss, train_acc, valid_loss, valid_acc] : 0.5539 0.6828 0.6285 0.5429
[epoch 149][train_loss, train_acc, valid_loss, valid_acc] : 0.6244 0.6440 0.6769 0.5143
[epoch 150][train_loss, train_acc, valid_loss, valid_acc] : 0.5539 0.6958 0.6294 0.6571
[epoch 151][train_loss, train_acc, valid_loss, valid_acc] : 0.5936 0.6958 0.6396 0.6286
[epoch 152][train_loss, train_acc, valid_loss, valid_acc] : 0.5591 0.6926 0.6346 0.5143
[epoch 153][train_loss, train_acc, valid_loss, valid_acc] : 0.5917 0.6990 0.5872 0.6286
[epoch 154][train_loss, train_acc, valid_loss, valid_acc] : 0.5417 0.7120 0.6150 0.5714
[epoch 155][train_loss, train_acc, valid_loss, valid_acc] : 0.5489 0.7120 0.5997 0.6571
[epoch 156][train_loss, train_acc, valid_loss, valid_acc] : 0.5435 0.7023 0.5923 0.5714
[epoch 157][train_loss, train_acc, valid_loss, valid_acc] : 0.5573 0.7152 0.5801 0.6571
[epoch 158][train_loss, train_acc, valid_loss, valid_acc] : 0.5643 0.7055 0.5957 0.6286
[epoch 159][train_loss, train_acc, valid_loss, valid_acc] : 0.5485 0.6958 0.6302 0.6000
[epoch 160][train_loss, train_acc, valid_loss, valid_acc] : 0.5670 0.7184 0.5834 0.6571
[epoch 161][train_loss, train_acc, valid_loss, valid_acc] : 0.5518 0.7217 0.5704 0.5714
[epoch 162][train_loss, train_acc, valid_loss, valid_acc] : 0.5382 0.7055 0.6034 0.6857
[epoch 163][train_loss, train_acc, valid_loss, valid_acc] : 0.5970 0.6958 0.6015 0.6286
[epoch 164][train_loss, train_acc, valid_loss, valid_acc] : 0.5548 0.6958 0.5984 0.5714
[epoch 165][train_loss, train_acc, valid_loss, valid_acc] : 0.5380 0.7282 0.5996 0.5429
[epoch 166][train_loss, train_acc, valid_loss, valid_acc] : 0.5549 0.7249 0.5811 0.6571
[epoch 167][train_loss, train_acc, valid_loss, valid_acc] : 0.5367 0.7314 0.5706 0.5714
[epoch 168][train_loss, train_acc, valid_loss, valid_acc] : 0.5285 0.7249 0.5768 0.5714
[epoch 169][train_loss, train_acc, valid_loss, valid_acc] : 0.5535 0.7282 0.5755 0.6571
[epoch 170][train_loss, train_acc, valid_loss, valid_acc] : 0.5311 0.7346 0.5959 0.6571
[epoch 171][train_loss, train_acc, valid_loss, valid_acc] : 0.5278 0.7217 0.5779 0.5714
[epoch 172][train_loss, train_acc, valid_loss, valid_acc] : 0.5278 0.7087 0.5665 0.5714
[epoch 173][train_loss, train_acc, valid_loss, valid_acc] : 0.5340 0.7184 0.6047 0.5714
[epoch 174][train_loss, train_acc, valid_loss, valid_acc] : 0.5484 0.6893 0.6355 0.6000
[epoch 175][train_loss, train_acc, valid_loss, valid_acc] : 0.5902 0.6990 0.6256 0.6286
[epoch 176][train_loss, train_acc, valid_loss, valid_acc] : 0.5339 0.7152 0.5934 0.6571
[epoch 177][train_loss, train_acc, valid_loss, valid_acc] : 0.5345 0.7249 0.5770 0.6000
[epoch 178][train_loss, train_acc, valid_loss, valid_acc] : 0.5565 0.7379 0.5750 0.6571
[epoch 179][train_loss, train_acc, valid_loss, valid_acc] : 0.5471 0.7249 0.6022 0.6286
[epoch 180][train_loss, train_acc, valid_loss, valid_acc] : 0.5352 0.7087 0.6236 0.6000
[epoch 181][train_loss, train_acc, valid_loss, valid_acc] : 0.5382 0.7152 0.6116 0.6286
[epoch 182][train_loss, train_acc, valid_loss, valid_acc] : 0.5544 0.7282 0.5843 0.6286
[epoch 183][train_loss, train_acc, valid_loss, valid_acc] : 0.5345 0.7282 0.5972 0.6286
[epoch 184][train_loss, train_acc, valid_loss, valid_acc] : 0.5261 0.7152 0.6226 0.6571
[epoch 185][train_loss, train_acc, valid_loss, valid_acc] : 0.5209 0.7249 0.6236 0.6000
[epoch 186][train_loss, train_acc, valid_loss, valid_acc] : 0.5222 0.7282 0.6387 0.6000
[epoch 187][train_loss, train_acc, valid_loss, valid_acc] : 0.5501 0.7314 0.6133 0.6000
[epoch 188][train_loss, train_acc, valid_loss, valid_acc] : 0.5236 0.7217 0.6496 0.6286
[epoch 189][train_loss, train_acc, valid_loss, valid_acc] : 0.5419 0.7282 0.5941 0.6286
[epoch 190][train_loss, train_acc, valid_loss, valid_acc] : 0.5162 0.7476 0.5808 0.5714
[epoch 191][train_loss, train_acc, valid_loss, valid_acc] : 0.5122 0.7282 0.5858 0.6000
[epoch 192][train_loss, train_acc, valid_loss, valid_acc] : 0.5288 0.7379 0.6039 0.6000
[epoch 193][train_loss, train_acc, valid_loss, valid_acc] : 0.5290 0.7087 0.6244 0.6000
[epoch 194][train_loss, train_acc, valid_loss, valid_acc] : 0.5342 0.7282 0.6101 0.6286
[epoch 195][train_loss, train_acc, valid_loss, valid_acc] : 0.5210 0.7184 0.5818 0.6000
[epoch 196][train_loss, train_acc, valid_loss, valid_acc] : 0.5330 0.7379 0.5856 0.6286
[epoch 197][train_loss, train_acc, valid_loss, valid_acc] : 0.5359 0.7023 0.6115 0.5714
[epoch 198][train_loss, train_acc, valid_loss, valid_acc] : 0.5665 0.7023 0.5933 0.6000
[epoch 199][train_loss, train_acc, valid_loss, valid_acc] : 0.5161 0.7184 0.6382 0.5714
[epoch 200][train_loss, train_acc, valid_loss, valid_acc] : 0.5187 0.7282 0.6245 0.6000
[epoch 201][train_loss, train_acc, valid_loss, valid_acc] : 0.5225 0.7282 0.6082 0.5714
[epoch 202][train_loss, train_acc, valid_loss, valid_acc] : 0.5167 0.7411 0.6045 0.5714
[epoch 203][train_loss, train_acc, valid_loss, valid_acc] : 0.5204 0.7282 0.6264 0.6000
[epoch 204][train_loss, train_acc, valid_loss, valid_acc] : 0.5166 0.7411 0.6242 0.6286
[epoch 205][train_loss, train_acc, valid_loss, valid_acc] : 0.5128 0.7379 0.6161 0.6000
[epoch 206][train_loss, train_acc, valid_loss, valid_acc] : 0.5173 0.7346 0.6038 0.6286
[epoch 207][train_loss, train_acc, valid_loss, valid_acc] : 0.5120 0.7379 0.6025 0.6000
[epoch 208][train_loss, train_acc, valid_loss, valid_acc] : 0.5092 0.7314 0.6012 0.6000
[epoch 209][train_loss, train_acc, valid_loss, valid_acc] : 0.5114 0.7217 0.5906 0.6000
[epoch 210][train_loss, train_acc, valid_loss, valid_acc] : 0.5200 0.7346 0.5971 0.6000
[epoch 211][train_loss, train_acc, valid_loss, valid_acc] : 0.5286 0.7346 0.5911 0.6286
[epoch 212][train_loss, train_acc, valid_loss, valid_acc] : 0.5171 0.7346 0.5986 0.6286
[epoch 213][train_loss, train_acc, valid_loss, valid_acc] : 0.5098 0.7314 0.6007 0.5714
[epoch 214][train_loss, train_acc, valid_loss, valid_acc] : 0.5279 0.7314 0.5989 0.6286
[epoch 215][train_loss, train_acc, valid_loss, valid_acc] : 0.5148 0.7282 0.6072 0.6286
[epoch 216][train_loss, train_acc, valid_loss, valid_acc] : 0.5203 0.7282 0.6041 0.6286
[epoch 217][train_loss, train_acc, valid_loss, valid_acc] : 0.5233 0.7314 0.6138 0.6286
[epoch 218][train_loss, train_acc, valid_loss, valid_acc] : 0.5193 0.7346 0.6013 0.6000
[epoch 219][train_loss, train_acc, valid_loss, valid_acc] : 0.5136 0.7249 0.6134 0.6286
[epoch 220][train_loss, train_acc, valid_loss, valid_acc] : 0.5107 0.7152 0.6277 0.6286
[epoch 221][train_loss, train_acc, valid_loss, valid_acc] : 0.5270 0.7249 0.6060 0.6286
[epoch 222][train_loss, train_acc, valid_loss, valid_acc] : 0.5197 0.7282 0.6163 0.6571
[epoch 223][train_loss, train_acc, valid_loss, valid_acc] : 0.5155 0.7282 0.6014 0.6286
[epoch 224][train_loss, train_acc, valid_loss, valid_acc] : 0.5275 0.7152 0.6175 0.6286
[epoch 225][train_loss, train_acc, valid_loss, valid_acc] : 0.5070 0.7249 0.6167 0.6286
[epoch 226][train_loss, train_acc, valid_loss, valid_acc] : 0.5201 0.7346 0.6097 0.6286
[epoch 227][train_loss, train_acc, valid_loss, valid_acc] : 0.5088 0.7379 0.6195 0.6286
[epoch 228][train_loss, train_acc, valid_loss, valid_acc] : 0.5047 0.7443 0.6181 0.6286
[epoch 229][train_loss, train_acc, valid_loss, valid_acc] : 0.5053 0.7411 0.6137 0.6286
[epoch 230][train_loss, train_acc, valid_loss, valid_acc] : 0.5273 0.7379 0.6125 0.6286
[epoch 231][train_loss, train_acc, valid_loss, valid_acc] : 0.5002 0.7411 0.6150 0.5714
[epoch 232][train_loss, train_acc, valid_loss, valid_acc] : 0.5033 0.7476 0.6077 0.6000
[epoch 233][train_loss, train_acc, valid_loss, valid_acc] : 0.5260 0.7249 0.6115 0.6000
[epoch 234][train_loss, train_acc, valid_loss, valid_acc] : 0.5032 0.7411 0.5829 0.6000
[epoch 235][train_loss, train_acc, valid_loss, valid_acc] : 0.4993 0.7314 0.6048 0.6286
[epoch 236][train_loss, train_acc, valid_loss, valid_acc] : 0.5014 0.7346 0.6053 0.6000
[epoch 237][train_loss, train_acc, valid_loss, valid_acc] : 0.4930 0.7573 0.5887 0.6000
[epoch 238][train_loss, train_acc, valid_loss, valid_acc] : 0.5090 0.7476 0.5864 0.6286
[epoch 239][train_loss, train_acc, valid_loss, valid_acc] : 0.4988 0.7476 0.6086 0.6000
[epoch 240][train_loss, train_acc, valid_loss, valid_acc] : 0.4961 0.7508 0.5838 0.6286
[epoch 241][train_loss, train_acc, valid_loss, valid_acc] : 0.5043 0.7411 0.5892 0.6286
[epoch 242][train_loss, train_acc, valid_loss, valid_acc] : 0.4931 0.7540 0.5798 0.6000
[epoch 243][train_loss, train_acc, valid_loss, valid_acc] : 0.5413 0.7217 0.5793 0.6571
[epoch 244][train_loss, train_acc, valid_loss, valid_acc] : 0.5034 0.7411 0.5875 0.6000
[epoch 245][train_loss, train_acc, valid_loss, valid_acc] : 0.5028 0.7379 0.5966 0.6000
[epoch 246][train_loss, train_acc, valid_loss, valid_acc] : 0.5251 0.7379 0.5915 0.6286
[epoch 247][train_loss, train_acc, valid_loss, valid_acc] : 0.5169 0.7314 0.5851 0.6286
[epoch 248][train_loss, train_acc, valid_loss, valid_acc] : 0.5069 0.7411 0.5960 0.6000
[epoch 249][train_loss, train_acc, valid_loss, valid_acc] : 0.5071 0.7411 0.5876 0.6000
[epoch 250][train_loss, train_acc, valid_loss, valid_acc] : 0.5057 0.7346 0.5812 0.6000
[epoch 251][train_loss, train_acc, valid_loss, valid_acc] : 0.5030 0.7346 0.5895 0.6000
[epoch 252][train_loss, train_acc, valid_loss, valid_acc] : 0.4978 0.7379 0.5896 0.6000
[epoch 253][train_loss, train_acc, valid_loss, valid_acc] : 0.4990 0.7508 0.5944 0.6000
[epoch 254][train_loss, train_acc, valid_loss, valid_acc] : 0.4944 0.7540 0.5950 0.6000
[epoch 255][train_loss, train_acc, valid_loss, valid_acc] : 0.4991 0.7443 0.5940 0.6000
[epoch 256][train_loss, train_acc, valid_loss, valid_acc] : 0.4913 0.7476 0.5891 0.6286
[epoch 257][train_loss, train_acc, valid_loss, valid_acc] : 0.4929 0.7540 0.5886 0.6000
[epoch 258][train_loss, train_acc, valid_loss, valid_acc] : 0.4943 0.7476 0.5808 0.6000
[epoch 259][train_loss, train_acc, valid_loss, valid_acc] : 0.4947 0.7508 0.5863 0.6286
[epoch 260][train_loss, train_acc, valid_loss, valid_acc] : 0.4895 0.7508 0.5854 0.6571
[epoch 261][train_loss, train_acc, valid_loss, valid_acc] : 0.4913 0.7638 0.5794 0.6000
[epoch 262][train_loss, train_acc, valid_loss, valid_acc] : 0.5000 0.7476 0.5767 0.6571
[epoch 263][train_loss, train_acc, valid_loss, valid_acc] : 0.4963 0.7540 0.5702 0.6571
[epoch 264][train_loss, train_acc, valid_loss, valid_acc] : 0.4943 0.7443 0.5780 0.6286
[epoch 265][train_loss, train_acc, valid_loss, valid_acc] : 0.4928 0.7443 0.5728 0.6286
[epoch 266][train_loss, train_acc, valid_loss, valid_acc] : 0.5093 0.7314 0.5688 0.6571
[epoch 267][train_loss, train_acc, valid_loss, valid_acc] : 0.5034 0.7443 0.5706 0.6571
[epoch 268][train_loss, train_acc, valid_loss, valid_acc] : 0.4905 0.7508 0.5762 0.6286
[epoch 269][train_loss, train_acc, valid_loss, valid_acc] : 0.4913 0.7540 0.5747 0.6286
[epoch 270][train_loss, train_acc, valid_loss, valid_acc] : 0.4904 0.7540 0.5659 0.6286
[epoch 271][train_loss, train_acc, valid_loss, valid_acc] : 0.4886 0.7508 0.5687 0.6000
[epoch 272][train_loss, train_acc, valid_loss, valid_acc] : 0.4879 0.7605 0.5741 0.6000
[epoch 273][train_loss, train_acc, valid_loss, valid_acc] : 0.4885 0.7605 0.5767 0.6000
[epoch 274][train_loss, train_acc, valid_loss, valid_acc] : 0.4845 0.7573 0.5854 0.6000
[epoch 275][train_loss, train_acc, valid_loss, valid_acc] : 0.4919 0.7540 0.5968 0.6286
[epoch 276][train_loss, train_acc, valid_loss, valid_acc] : 0.4869 0.7540 0.6007 0.6286
[epoch 277][train_loss, train_acc, valid_loss, valid_acc] : 0.4860 0.7540 0.5980 0.6286
[epoch 278][train_loss, train_acc, valid_loss, valid_acc] : 0.4856 0.7638 0.6022 0.6571
[epoch 279][train_loss, train_acc, valid_loss, valid_acc] : 0.4844 0.7670 0.6032 0.6571
[epoch 280][train_loss, train_acc, valid_loss, valid_acc] : 0.4935 0.7508 0.5969 0.6286
[epoch 281][train_loss, train_acc, valid_loss, valid_acc] : 0.4862 0.7476 0.5810 0.6000
[epoch 282][train_loss, train_acc, valid_loss, valid_acc] : 0.4857 0.7540 0.5825 0.6571
[epoch 283][train_loss, train_acc, valid_loss, valid_acc] : 0.4834 0.7573 0.5838 0.6286
[epoch 284][train_loss, train_acc, valid_loss, valid_acc] : 0.4862 0.7638 0.5851 0.6000
[epoch 285][train_loss, train_acc, valid_loss, valid_acc] : 0.4862 0.7508 0.5840 0.6000
[epoch 286][train_loss, train_acc, valid_loss, valid_acc] : 0.4820 0.7573 0.5795 0.6286
[epoch 287][train_loss, train_acc, valid_loss, valid_acc] : 0.4839 0.7540 0.5791 0.6286
[epoch 288][train_loss, train_acc, valid_loss, valid_acc] : 0.4866 0.7443 0.5757 0.6286
[epoch 289][train_loss, train_acc, valid_loss, valid_acc] : 0.4865 0.7508 0.5782 0.5714
[epoch 290][train_loss, train_acc, valid_loss, valid_acc] : 0.4796 0.7573 0.5870 0.6286
[epoch 291][train_loss, train_acc, valid_loss, valid_acc] : 0.4798 0.7508 0.5905 0.6000
[epoch 292][train_loss, train_acc, valid_loss, valid_acc] : 0.4822 0.7573 0.6035 0.6286
[epoch 293][train_loss, train_acc, valid_loss, valid_acc] : 0.4866 0.7573 0.5965 0.6286
[epoch 294][train_loss, train_acc, valid_loss, valid_acc] : 0.4823 0.7605 0.5886 0.6286
[epoch 295][train_loss, train_acc, valid_loss, valid_acc] : 0.4831 0.7573 0.5869 0.6286
[epoch 296][train_loss, train_acc, valid_loss, valid_acc] : 0.4869 0.7443 0.5831 0.6000
[epoch 297][train_loss, train_acc, valid_loss, valid_acc] : 0.4769 0.7540 0.5757 0.6286
[epoch 298][train_loss, train_acc, valid_loss, valid_acc] : 0.4820 0.7540 0.5649 0.6000
[epoch 299][train_loss, train_acc, valid_loss, valid_acc] : 0.4829 0.7476 0.5657 0.6286
[epoch 300][train_loss, train_acc, valid_loss, valid_acc] : 0.4760 0.7670 0.5683 0.6286
[epoch 301][train_loss, train_acc, valid_loss, valid_acc] : 0.4739 0.7508 0.5674 0.6571
[epoch 302][train_loss, train_acc, valid_loss, valid_acc] : 0.4826 0.7411 0.5739 0.6286
[epoch 303][train_loss, train_acc, valid_loss, valid_acc] : 0.4773 0.7508 0.5686 0.6000
[epoch 304][train_loss, train_acc, valid_loss, valid_acc] : 0.4746 0.7508 0.5710 0.6571
[epoch 305][train_loss, train_acc, valid_loss, valid_acc] : 0.4815 0.7508 0.5734 0.6000
[epoch 306][train_loss, train_acc, valid_loss, valid_acc] : 0.4742 0.7411 0.5871 0.6286
[epoch 307][train_loss, train_acc, valid_loss, valid_acc] : 0.4814 0.7508 0.5800 0.6571
[epoch 308][train_loss, train_acc, valid_loss, valid_acc] : 0.4833 0.7443 0.5794 0.6571
[epoch 309][train_loss, train_acc, valid_loss, valid_acc] : 0.5002 0.7443 0.5782 0.6286
[epoch 310][train_loss, train_acc, valid_loss, valid_acc] : 0.4875 0.7476 0.5709 0.6571
[epoch 311][train_loss, train_acc, valid_loss, valid_acc] : 0.4793 0.7638 0.5814 0.6286
[epoch 312][train_loss, train_acc, valid_loss, valid_acc] : 0.4779 0.7638 0.5775 0.6286
[epoch 313][train_loss, train_acc, valid_loss, valid_acc] : 0.4766 0.7638 0.5811 0.6286
[epoch 314][train_loss, train_acc, valid_loss, valid_acc] : 0.4739 0.7605 0.5807 0.6000
[epoch 315][train_loss, train_acc, valid_loss, valid_acc] : 0.4775 0.7670 0.5841 0.6000
[epoch 316][train_loss, train_acc, valid_loss, valid_acc] : 0.4754 0.7573 0.5772 0.6286
[epoch 317][train_loss, train_acc, valid_loss, valid_acc] : 0.4738 0.7638 0.5756 0.6286
[epoch 318][train_loss, train_acc, valid_loss, valid_acc] : 0.4733 0.7670 0.5781 0.6286
[epoch 319][train_loss, train_acc, valid_loss, valid_acc] : 0.4737 0.7638 0.5857 0.6286
[epoch 320][train_loss, train_acc, valid_loss, valid_acc] : 0.4778 0.7476 0.5787 0.6000
[epoch 321][train_loss, train_acc, valid_loss, valid_acc] : 0.4780 0.7573 0.5768 0.6000
[epoch 322][train_loss, train_acc, valid_loss, valid_acc] : 0.4762 0.7476 0.5739 0.6286
[epoch 323][train_loss, train_acc, valid_loss, valid_acc] : 0.4765 0.7476 0.5792 0.6000
[epoch 324][train_loss, train_acc, valid_loss, valid_acc] : 0.4756 0.7638 0.5723 0.6571
[epoch 325][train_loss, train_acc, valid_loss, valid_acc] : 0.4744 0.7605 0.5721 0.6286
[epoch 326][train_loss, train_acc, valid_loss, valid_acc] : 0.4795 0.7540 0.5702 0.6571
[epoch 327][train_loss, train_acc, valid_loss, valid_acc] : 0.4768 0.7605 0.5669 0.6286
[epoch 328][train_loss, train_acc, valid_loss, valid_acc] : 0.4726 0.7540 0.5627 0.6286
[epoch 329][train_loss, train_acc, valid_loss, valid_acc] : 0.4740 0.7573 0.5712 0.6857
[epoch 330][train_loss, train_acc, valid_loss, valid_acc] : 0.4760 0.7605 0.5746 0.6286
[epoch 331][train_loss, train_acc, valid_loss, valid_acc] : 0.4791 0.7508 0.5768 0.6571
[epoch 332][train_loss, train_acc, valid_loss, valid_acc] : 0.4765 0.7573 0.5736 0.6286
[epoch 333][train_loss, train_acc, valid_loss, valid_acc] : 0.4740 0.7605 0.5790 0.6000
[epoch 334][train_loss, train_acc, valid_loss, valid_acc] : 0.4734 0.7638 0.5837 0.6286
[epoch 335][train_loss, train_acc, valid_loss, valid_acc] : 0.4722 0.7508 0.5917 0.6000
[epoch 336][train_loss, train_acc, valid_loss, valid_acc] : 0.4756 0.7540 0.5918 0.6286
[epoch 337][train_loss, train_acc, valid_loss, valid_acc] : 0.4748 0.7702 0.5903 0.6286
[epoch 338][train_loss, train_acc, valid_loss, valid_acc] : 0.4721 0.7670 0.5861 0.6000
[epoch 339][train_loss, train_acc, valid_loss, valid_acc] : 0.4708 0.7605 0.5822 0.6000
[epoch 340][train_loss, train_acc, valid_loss, valid_acc] : 0.4762 0.7443 0.5734 0.6571
[epoch 341][train_loss, train_acc, valid_loss, valid_acc] : 0.4770 0.7476 0.5730 0.6571
[epoch 342][train_loss, train_acc, valid_loss, valid_acc] : 0.4778 0.7508 0.5805 0.6286
[epoch 343][train_loss, train_acc, valid_loss, valid_acc] : 0.4781 0.7540 0.5844 0.6000
[epoch 344][train_loss, train_acc, valid_loss, valid_acc] : 0.4838 0.7540 0.5865 0.6286
[epoch 345][train_loss, train_acc, valid_loss, valid_acc] : 0.4787 0.7670 0.5839 0.6571
[epoch 346][train_loss, train_acc, valid_loss, valid_acc] : 0.4804 0.7638 0.5938 0.6857
[epoch 347][train_loss, train_acc, valid_loss, valid_acc] : 0.4755 0.7670 0.5920 0.6571
[epoch 348][train_loss, train_acc, valid_loss, valid_acc] : 0.4728 0.7638 0.5918 0.6571
[epoch 349][train_loss, train_acc, valid_loss, valid_acc] : 0.4862 0.7443 0.5929 0.6571
avg_epoch_Time  0.1699906454366796
max_epoch_Time  0.21991753578186035
min_epoch_Time  0.16034746170043945
