show all arguments configuration...
Namespace(batch_size=32, dataset='IMDBMULTI', degree_as_nlabel=True, device=0, disable_cuda=False, epochs=350, filename='', final_dropout=0.5, fold_idx=0, graph_pooling_type='mean', hidden_dim=64, learn_eps=False, lr=0.01, model='gin', neighbor_pooling_type='sum', num_layers=5, num_mlp_layers=2, seed=0)
train_set : test_set = %d : %d 1350 150
[epoch 0][train_loss, train_acc, valid_loss, valid_acc] : 1.4726 0.4556 1.5172 0.4267
[epoch 1][train_loss, train_acc, valid_loss, valid_acc] : 2.1713 0.4385 2.0285 0.4333
[epoch 2][train_loss, train_acc, valid_loss, valid_acc] : 1.0459 0.4311 1.0058 0.4267
[epoch 3][train_loss, train_acc, valid_loss, valid_acc] : 1.0216 0.4822 1.0493 0.4267
[epoch 4][train_loss, train_acc, valid_loss, valid_acc] : 1.0415 0.4533 1.0815 0.4867
[epoch 5][train_loss, train_acc, valid_loss, valid_acc] : 1.1993 0.4067 1.2053 0.3933
[epoch 6][train_loss, train_acc, valid_loss, valid_acc] : 1.0784 0.4933 1.1833 0.4400
[epoch 7][train_loss, train_acc, valid_loss, valid_acc] : 0.9952 0.4904 1.0761 0.4400
[epoch 8][train_loss, train_acc, valid_loss, valid_acc] : 1.0036 0.4570 1.1168 0.4400
[epoch 9][train_loss, train_acc, valid_loss, valid_acc] : 1.0569 0.4667 1.1531 0.4467
[epoch 10][train_loss, train_acc, valid_loss, valid_acc] : 1.1381 0.4941 1.2549 0.4933
[epoch 11][train_loss, train_acc, valid_loss, valid_acc] : 0.9574 0.5170 1.0111 0.5067
[epoch 12][train_loss, train_acc, valid_loss, valid_acc] : 0.9537 0.5215 1.0008 0.5267
[epoch 13][train_loss, train_acc, valid_loss, valid_acc] : 0.9642 0.4578 1.0243 0.4067
[epoch 14][train_loss, train_acc, valid_loss, valid_acc] : 0.9556 0.5074 0.9613 0.5400
[epoch 15][train_loss, train_acc, valid_loss, valid_acc] : 0.9566 0.4896 1.0137 0.4867
[epoch 16][train_loss, train_acc, valid_loss, valid_acc] : 1.1694 0.4926 1.4684 0.5133
[epoch 17][train_loss, train_acc, valid_loss, valid_acc] : 0.9519 0.5200 0.9946 0.4867
[epoch 18][train_loss, train_acc, valid_loss, valid_acc] : 1.0015 0.5163 1.0607 0.5200
[epoch 19][train_loss, train_acc, valid_loss, valid_acc] : 0.9884 0.5126 1.0239 0.4733
[epoch 20][train_loss, train_acc, valid_loss, valid_acc] : 0.9599 0.5030 0.9933 0.5000
[epoch 21][train_loss, train_acc, valid_loss, valid_acc] : 1.0347 0.4674 1.1960 0.4267
[epoch 22][train_loss, train_acc, valid_loss, valid_acc] : 1.1256 0.5156 1.2560 0.5200
[epoch 23][train_loss, train_acc, valid_loss, valid_acc] : 0.9761 0.5281 1.0164 0.5200
[epoch 24][train_loss, train_acc, valid_loss, valid_acc] : 1.1801 0.4230 1.3700 0.3733
[epoch 25][train_loss, train_acc, valid_loss, valid_acc] : 0.9734 0.5230 1.0683 0.4800
[epoch 26][train_loss, train_acc, valid_loss, valid_acc] : 0.9639 0.5207 1.0436 0.4800
[epoch 27][train_loss, train_acc, valid_loss, valid_acc] : 0.9766 0.5252 1.0623 0.4733
[epoch 28][train_loss, train_acc, valid_loss, valid_acc] : 0.9446 0.5356 0.9775 0.5200
[epoch 29][train_loss, train_acc, valid_loss, valid_acc] : 0.9392 0.5415 1.0109 0.5333
[epoch 30][train_loss, train_acc, valid_loss, valid_acc] : 0.9366 0.5333 0.9736 0.5133
[epoch 31][train_loss, train_acc, valid_loss, valid_acc] : 0.9405 0.5281 0.9655 0.5067
[epoch 32][train_loss, train_acc, valid_loss, valid_acc] : 0.9452 0.5319 0.9833 0.5333
[epoch 33][train_loss, train_acc, valid_loss, valid_acc] : 0.9315 0.5326 0.9637 0.5333
[epoch 34][train_loss, train_acc, valid_loss, valid_acc] : 0.9362 0.5319 0.9621 0.5400
[epoch 35][train_loss, train_acc, valid_loss, valid_acc] : 0.9441 0.5215 0.9796 0.5067
[epoch 36][train_loss, train_acc, valid_loss, valid_acc] : 0.9374 0.5289 0.9737 0.5000
[epoch 37][train_loss, train_acc, valid_loss, valid_acc] : 0.9423 0.5126 0.9621 0.5133
[epoch 38][train_loss, train_acc, valid_loss, valid_acc] : 0.9411 0.5141 0.9770 0.5000
[epoch 39][train_loss, train_acc, valid_loss, valid_acc] : 0.9292 0.5437 0.9808 0.5400
[epoch 40][train_loss, train_acc, valid_loss, valid_acc] : 0.9366 0.5319 0.9899 0.5133
[epoch 41][train_loss, train_acc, valid_loss, valid_acc] : 0.9165 0.5489 0.9396 0.5400
[epoch 42][train_loss, train_acc, valid_loss, valid_acc] : 0.9338 0.5119 0.9740 0.4733
[epoch 43][train_loss, train_acc, valid_loss, valid_acc] : 0.9245 0.5504 0.9616 0.5600
[epoch 44][train_loss, train_acc, valid_loss, valid_acc] : 0.9216 0.5289 0.9549 0.5200
[epoch 45][train_loss, train_acc, valid_loss, valid_acc] : 0.9202 0.5467 0.9591 0.5200
[epoch 46][train_loss, train_acc, valid_loss, valid_acc] : 0.9383 0.5207 1.0283 0.5067
[epoch 47][train_loss, train_acc, valid_loss, valid_acc] : 0.9290 0.5296 0.9708 0.4867
[epoch 48][train_loss, train_acc, valid_loss, valid_acc] : 1.0834 0.5237 1.1155 0.4733
[epoch 49][train_loss, train_acc, valid_loss, valid_acc] : 0.9170 0.5415 0.9606 0.5533
[epoch 50][train_loss, train_acc, valid_loss, valid_acc] : 0.9121 0.5304 0.9494 0.5600
[epoch 51][train_loss, train_acc, valid_loss, valid_acc] : 0.9167 0.5430 0.9585 0.5400
[epoch 52][train_loss, train_acc, valid_loss, valid_acc] : 0.9098 0.5437 0.9531 0.5333
[epoch 53][train_loss, train_acc, valid_loss, valid_acc] : 0.9122 0.5489 0.9563 0.5400
[epoch 54][train_loss, train_acc, valid_loss, valid_acc] : 0.9173 0.5407 0.9612 0.5200
[epoch 55][train_loss, train_acc, valid_loss, valid_acc] : 0.9245 0.5430 0.9651 0.5133
[epoch 56][train_loss, train_acc, valid_loss, valid_acc] : 0.9029 0.5459 0.9605 0.5333
[epoch 57][train_loss, train_acc, valid_loss, valid_acc] : 0.9068 0.5593 0.9545 0.5333
[epoch 58][train_loss, train_acc, valid_loss, valid_acc] : 0.8984 0.5600 0.9414 0.5400
[epoch 59][train_loss, train_acc, valid_loss, valid_acc] : 0.8968 0.5563 0.9404 0.5333
[epoch 60][train_loss, train_acc, valid_loss, valid_acc] : 0.8923 0.5570 0.9484 0.5733
[epoch 61][train_loss, train_acc, valid_loss, valid_acc] : 0.8977 0.5652 0.9466 0.5400
[epoch 62][train_loss, train_acc, valid_loss, valid_acc] : 0.8919 0.5556 0.9427 0.5400
[epoch 63][train_loss, train_acc, valid_loss, valid_acc] : 0.8894 0.5689 0.9330 0.5333
[epoch 64][train_loss, train_acc, valid_loss, valid_acc] : 0.8860 0.5637 0.9412 0.5533
[epoch 65][train_loss, train_acc, valid_loss, valid_acc] : 0.9567 0.5570 1.0043 0.5200
[epoch 66][train_loss, train_acc, valid_loss, valid_acc] : 0.8882 0.5607 0.9482 0.5400
[epoch 67][train_loss, train_acc, valid_loss, valid_acc] : 0.9047 0.5504 0.9433 0.5133
[epoch 68][train_loss, train_acc, valid_loss, valid_acc] : 0.9003 0.5407 0.9515 0.5200
[epoch 69][train_loss, train_acc, valid_loss, valid_acc] : 0.8842 0.5704 0.9424 0.5467
[epoch 70][train_loss, train_acc, valid_loss, valid_acc] : 0.8835 0.5785 0.9497 0.5400
[epoch 71][train_loss, train_acc, valid_loss, valid_acc] : 0.8867 0.5719 0.9358 0.5600
[epoch 72][train_loss, train_acc, valid_loss, valid_acc] : 0.9282 0.5600 1.0145 0.5200
[epoch 73][train_loss, train_acc, valid_loss, valid_acc] : 0.8806 0.5704 0.9189 0.5400
[epoch 74][train_loss, train_acc, valid_loss, valid_acc] : 1.1125 0.5681 1.2759 0.5133
[epoch 75][train_loss, train_acc, valid_loss, valid_acc] : 0.8868 0.5637 0.9474 0.5667
[epoch 76][train_loss, train_acc, valid_loss, valid_acc] : 0.8925 0.5681 0.9456 0.5067
[epoch 77][train_loss, train_acc, valid_loss, valid_acc] : 0.8776 0.5726 0.9308 0.5400
[epoch 78][train_loss, train_acc, valid_loss, valid_acc] : 0.9530 0.5578 1.0367 0.5333
[epoch 79][train_loss, train_acc, valid_loss, valid_acc] : 0.8740 0.5756 0.9342 0.5533
[epoch 80][train_loss, train_acc, valid_loss, valid_acc] : 0.8708 0.5778 0.9231 0.5467
[epoch 81][train_loss, train_acc, valid_loss, valid_acc] : 0.8750 0.5748 0.9210 0.5467
[epoch 82][train_loss, train_acc, valid_loss, valid_acc] : 0.8703 0.5733 0.9201 0.5600
[epoch 83][train_loss, train_acc, valid_loss, valid_acc] : 0.8750 0.5711 0.9351 0.5533
[epoch 84][train_loss, train_acc, valid_loss, valid_acc] : 0.8730 0.5733 0.9276 0.5800
[epoch 85][train_loss, train_acc, valid_loss, valid_acc] : 1.1234 0.5437 1.0761 0.5267
[epoch 86][train_loss, train_acc, valid_loss, valid_acc] : 0.9433 0.5622 0.9527 0.5267
[epoch 87][train_loss, train_acc, valid_loss, valid_acc] : 0.9462 0.5615 0.9689 0.5333
[epoch 88][train_loss, train_acc, valid_loss, valid_acc] : 0.9052 0.5585 1.0247 0.5267
[epoch 89][train_loss, train_acc, valid_loss, valid_acc] : 0.9188 0.5659 1.0643 0.4933
[epoch 90][train_loss, train_acc, valid_loss, valid_acc] : 0.8798 0.5667 0.9634 0.5400
[epoch 91][train_loss, train_acc, valid_loss, valid_acc] : 0.8867 0.5607 0.9317 0.5333
[epoch 92][train_loss, train_acc, valid_loss, valid_acc] : 0.8803 0.5659 0.9401 0.5200
[epoch 93][train_loss, train_acc, valid_loss, valid_acc] : 0.8724 0.5763 0.9705 0.5067
[epoch 94][train_loss, train_acc, valid_loss, valid_acc] : 0.9816 0.5570 1.1575 0.4867
[epoch 95][train_loss, train_acc, valid_loss, valid_acc] : 0.9365 0.5637 0.9435 0.5133
[epoch 96][train_loss, train_acc, valid_loss, valid_acc] : 0.8851 0.5674 0.9446 0.5000
[epoch 97][train_loss, train_acc, valid_loss, valid_acc] : 0.8843 0.5756 0.9839 0.5333
[epoch 98][train_loss, train_acc, valid_loss, valid_acc] : 0.8699 0.5644 0.9454 0.5333
[epoch 99][train_loss, train_acc, valid_loss, valid_acc] : 0.8750 0.5630 0.9724 0.4800
[epoch 100][train_loss, train_acc, valid_loss, valid_acc] : 0.8787 0.5719 0.9807 0.5400
[epoch 101][train_loss, train_acc, valid_loss, valid_acc] : 0.8843 0.5644 0.9707 0.5133
[epoch 102][train_loss, train_acc, valid_loss, valid_acc] : 0.8757 0.5778 0.9851 0.5267
[epoch 103][train_loss, train_acc, valid_loss, valid_acc] : 0.8651 0.5822 0.9525 0.5400
[epoch 104][train_loss, train_acc, valid_loss, valid_acc] : 0.8726 0.5815 0.9468 0.5267
[epoch 105][train_loss, train_acc, valid_loss, valid_acc] : 0.8638 0.5800 0.9442 0.5333
[epoch 106][train_loss, train_acc, valid_loss, valid_acc] : 0.8606 0.5793 0.9352 0.5533
[epoch 107][train_loss, train_acc, valid_loss, valid_acc] : 0.8746 0.5807 0.9779 0.5267
[epoch 108][train_loss, train_acc, valid_loss, valid_acc] : 0.8732 0.5770 0.9601 0.5533
[epoch 109][train_loss, train_acc, valid_loss, valid_acc] : 0.8751 0.5830 0.9843 0.5667
[epoch 110][train_loss, train_acc, valid_loss, valid_acc] : 1.0772 0.5659 1.5107 0.5267
[epoch 111][train_loss, train_acc, valid_loss, valid_acc] : 0.9154 0.5696 1.0567 0.5267
[epoch 112][train_loss, train_acc, valid_loss, valid_acc] : 0.8722 0.5800 1.0177 0.5600
[epoch 113][train_loss, train_acc, valid_loss, valid_acc] : 0.8666 0.5785 1.0192 0.5333
[epoch 114][train_loss, train_acc, valid_loss, valid_acc] : 0.8997 0.5726 1.0302 0.4933
[epoch 115][train_loss, train_acc, valid_loss, valid_acc] : 0.9926 0.5719 1.2126 0.5067
[epoch 116][train_loss, train_acc, valid_loss, valid_acc] : 1.1565 0.5652 1.6084 0.5133
[epoch 117][train_loss, train_acc, valid_loss, valid_acc] : 1.0947 0.5719 1.6173 0.5067
[epoch 118][train_loss, train_acc, valid_loss, valid_acc] : 1.0016 0.5733 1.2401 0.5200
[epoch 119][train_loss, train_acc, valid_loss, valid_acc] : 0.9661 0.5748 1.2868 0.5333
[epoch 120][train_loss, train_acc, valid_loss, valid_acc] : 1.2133 0.5733 1.4457 0.5400
[epoch 121][train_loss, train_acc, valid_loss, valid_acc] : 1.5521 0.5652 2.3301 0.4933
[epoch 122][train_loss, train_acc, valid_loss, valid_acc] : 1.1970 0.5667 1.5003 0.5200
[epoch 123][train_loss, train_acc, valid_loss, valid_acc] : 1.0987 0.5756 1.3314 0.5267
[epoch 124][train_loss, train_acc, valid_loss, valid_acc] : 0.9851 0.5689 1.3687 0.5067
[epoch 125][train_loss, train_acc, valid_loss, valid_acc] : 1.0913 0.5578 1.2837 0.4467
[epoch 126][train_loss, train_acc, valid_loss, valid_acc] : 0.8901 0.5696 1.0278 0.5200
[epoch 127][train_loss, train_acc, valid_loss, valid_acc] : 0.8589 0.5844 0.9829 0.5067
[epoch 128][train_loss, train_acc, valid_loss, valid_acc] : 0.9124 0.5615 1.0818 0.4733
[epoch 129][train_loss, train_acc, valid_loss, valid_acc] : 0.9625 0.5852 1.2309 0.4800
[epoch 130][train_loss, train_acc, valid_loss, valid_acc] : 0.8555 0.5830 0.9815 0.5133
[epoch 131][train_loss, train_acc, valid_loss, valid_acc] : 0.8442 0.5881 0.9255 0.5600
[epoch 132][train_loss, train_acc, valid_loss, valid_acc] : 0.8772 0.5807 0.9798 0.5333
[epoch 133][train_loss, train_acc, valid_loss, valid_acc] : 0.9077 0.5830 1.0890 0.5067
[epoch 134][train_loss, train_acc, valid_loss, valid_acc] : 0.9096 0.5815 1.0924 0.5400
[epoch 135][train_loss, train_acc, valid_loss, valid_acc] : 0.9883 0.5778 1.2999 0.5067
[epoch 136][train_loss, train_acc, valid_loss, valid_acc] : 0.8824 0.5852 1.0117 0.5400
[epoch 137][train_loss, train_acc, valid_loss, valid_acc] : 0.9379 0.5785 1.2102 0.5333
[epoch 138][train_loss, train_acc, valid_loss, valid_acc] : 1.0931 0.5763 1.6802 0.5133
[epoch 139][train_loss, train_acc, valid_loss, valid_acc] : 1.0862 0.5741 1.5997 0.5133
[epoch 140][train_loss, train_acc, valid_loss, valid_acc] : 0.9147 0.5867 1.1590 0.5200
[epoch 141][train_loss, train_acc, valid_loss, valid_acc] : 1.0124 0.5837 1.4924 0.5333
[epoch 142][train_loss, train_acc, valid_loss, valid_acc] : 0.9885 0.5852 1.4490 0.5200
[epoch 143][train_loss, train_acc, valid_loss, valid_acc] : 1.2288 0.5793 2.2628 0.5000
[epoch 144][train_loss, train_acc, valid_loss, valid_acc] : 1.1093 0.5837 1.9921 0.5133
[epoch 145][train_loss, train_acc, valid_loss, valid_acc] : 1.0839 0.5763 1.6907 0.5000
[epoch 146][train_loss, train_acc, valid_loss, valid_acc] : 0.9536 0.5822 1.3925 0.5067
[epoch 147][train_loss, train_acc, valid_loss, valid_acc] : 1.1232 0.5719 1.8852 0.5200
[epoch 148][train_loss, train_acc, valid_loss, valid_acc] : 1.1119 0.5719 1.9080 0.5067
[epoch 149][train_loss, train_acc, valid_loss, valid_acc] : 0.8398 0.5830 0.9758 0.5400
[epoch 150][train_loss, train_acc, valid_loss, valid_acc] : 1.0213 0.5844 1.4819 0.5267
[epoch 151][train_loss, train_acc, valid_loss, valid_acc] : 0.8339 0.5911 0.9426 0.5400
[epoch 152][train_loss, train_acc, valid_loss, valid_acc] : 0.8606 0.5896 0.9700 0.5333
[epoch 153][train_loss, train_acc, valid_loss, valid_acc] : 0.9873 0.5859 1.4032 0.5067
[epoch 154][train_loss, train_acc, valid_loss, valid_acc] : 0.9393 0.5874 1.2925 0.5133
[epoch 155][train_loss, train_acc, valid_loss, valid_acc] : 1.1398 0.5830 1.9606 0.5133
[epoch 156][train_loss, train_acc, valid_loss, valid_acc] : 0.8840 0.5904 1.0963 0.5067
[epoch 157][train_loss, train_acc, valid_loss, valid_acc] : 0.8281 0.5911 0.9534 0.5333
[epoch 158][train_loss, train_acc, valid_loss, valid_acc] : 0.9731 0.5859 1.2466 0.5133
[epoch 159][train_loss, train_acc, valid_loss, valid_acc] : 1.1282 0.5793 1.7741 0.5133
[epoch 160][train_loss, train_acc, valid_loss, valid_acc] : 0.9978 0.5844 1.3457 0.5200
[epoch 161][train_loss, train_acc, valid_loss, valid_acc] : 0.9223 0.5837 1.2726 0.5533
[epoch 162][train_loss, train_acc, valid_loss, valid_acc] : 0.9535 0.5852 1.2863 0.5133
[epoch 163][train_loss, train_acc, valid_loss, valid_acc] : 1.2625 0.5756 1.8352 0.5333
[epoch 164][train_loss, train_acc, valid_loss, valid_acc] : 1.2040 0.5778 1.7967 0.5600
[epoch 165][train_loss, train_acc, valid_loss, valid_acc] : 1.2351 0.5756 2.0013 0.4800
[epoch 166][train_loss, train_acc, valid_loss, valid_acc] : 1.1732 0.5770 2.1455 0.4933
[epoch 167][train_loss, train_acc, valid_loss, valid_acc] : 0.8565 0.5919 0.9979 0.5267
[epoch 168][train_loss, train_acc, valid_loss, valid_acc] : 1.0194 0.5815 1.4486 0.5000
[epoch 169][train_loss, train_acc, valid_loss, valid_acc] : 0.9077 0.5822 1.2171 0.5267
[epoch 170][train_loss, train_acc, valid_loss, valid_acc] : 1.2493 0.5763 2.1521 0.5000
[epoch 171][train_loss, train_acc, valid_loss, valid_acc] : 0.9937 0.5778 1.5627 0.5400
[epoch 172][train_loss, train_acc, valid_loss, valid_acc] : 1.1016 0.5770 1.8497 0.4933
[epoch 173][train_loss, train_acc, valid_loss, valid_acc] : 1.1952 0.5793 2.1211 0.5467
[epoch 174][train_loss, train_acc, valid_loss, valid_acc] : 1.1521 0.5733 1.9773 0.5467
[epoch 175][train_loss, train_acc, valid_loss, valid_acc] : 0.9772 0.5830 1.3132 0.5133
[epoch 176][train_loss, train_acc, valid_loss, valid_acc] : 1.0636 0.5830 1.7271 0.5267
[epoch 177][train_loss, train_acc, valid_loss, valid_acc] : 1.0122 0.5815 1.4329 0.4800
[epoch 178][train_loss, train_acc, valid_loss, valid_acc] : 0.8816 0.5881 0.9904 0.5000
[epoch 179][train_loss, train_acc, valid_loss, valid_acc] : 1.1355 0.5815 1.6023 0.4867
[epoch 180][train_loss, train_acc, valid_loss, valid_acc] : 0.9935 0.5807 1.2311 0.5133
[epoch 181][train_loss, train_acc, valid_loss, valid_acc] : 0.9327 0.5852 1.2538 0.5000
[epoch 182][train_loss, train_acc, valid_loss, valid_acc] : 1.0395 0.5852 1.5357 0.5000
[epoch 183][train_loss, train_acc, valid_loss, valid_acc] : 1.1202 0.5881 1.7814 0.5200
[epoch 184][train_loss, train_acc, valid_loss, valid_acc] : 1.4278 0.5815 2.3266 0.4667
[epoch 185][train_loss, train_acc, valid_loss, valid_acc] : 0.8730 0.5852 1.0092 0.5000
[epoch 186][train_loss, train_acc, valid_loss, valid_acc] : 0.8219 0.5896 0.9425 0.5467
[epoch 187][train_loss, train_acc, valid_loss, valid_acc] : 0.8227 0.5919 0.9843 0.5400
[epoch 188][train_loss, train_acc, valid_loss, valid_acc] : 0.8923 0.5948 1.1793 0.5133
[epoch 189][train_loss, train_acc, valid_loss, valid_acc] : 0.8138 0.5956 0.9537 0.5533
[epoch 190][train_loss, train_acc, valid_loss, valid_acc] : 0.8198 0.5941 0.9567 0.5400
[epoch 191][train_loss, train_acc, valid_loss, valid_acc] : 0.9787 0.5874 1.4101 0.5267
[epoch 192][train_loss, train_acc, valid_loss, valid_acc] : 1.1522 0.5844 2.1944 0.5067
[epoch 193][train_loss, train_acc, valid_loss, valid_acc] : 1.0414 0.5904 1.7349 0.5000
[epoch 194][train_loss, train_acc, valid_loss, valid_acc] : 1.6278 0.5889 3.5787 0.5000
[epoch 195][train_loss, train_acc, valid_loss, valid_acc] : 1.4804 0.5815 2.7389 0.5333
[epoch 196][train_loss, train_acc, valid_loss, valid_acc] : 0.8881 0.5948 1.3099 0.5000
[epoch 197][train_loss, train_acc, valid_loss, valid_acc] : 1.0689 0.5889 2.0656 0.5200
[epoch 198][train_loss, train_acc, valid_loss, valid_acc] : 1.0581 0.5919 2.0232 0.5133
[epoch 199][train_loss, train_acc, valid_loss, valid_acc] : 1.1999 0.5881 2.5896 0.5400
[epoch 200][train_loss, train_acc, valid_loss, valid_acc] : 1.0617 0.5933 2.0430 0.5400
[epoch 201][train_loss, train_acc, valid_loss, valid_acc] : 1.1258 0.5941 2.3797 0.5333
[epoch 202][train_loss, train_acc, valid_loss, valid_acc] : 1.1188 0.5889 2.2851 0.5000
[epoch 203][train_loss, train_acc, valid_loss, valid_acc] : 1.3380 0.5926 3.0441 0.5133
[epoch 204][train_loss, train_acc, valid_loss, valid_acc] : 1.4509 0.5963 3.4977 0.5200
[epoch 205][train_loss, train_acc, valid_loss, valid_acc] : 1.2534 0.5941 2.7044 0.5000
[epoch 206][train_loss, train_acc, valid_loss, valid_acc] : 1.1343 0.5956 2.4007 0.5333
[epoch 207][train_loss, train_acc, valid_loss, valid_acc] : 1.2252 0.5911 2.7274 0.5200
[epoch 208][train_loss, train_acc, valid_loss, valid_acc] : 1.1092 0.5933 2.1493 0.5000
[epoch 209][train_loss, train_acc, valid_loss, valid_acc] : 1.1401 0.5941 2.2799 0.5267
[epoch 210][train_loss, train_acc, valid_loss, valid_acc] : 1.1840 0.5896 2.1821 0.5200
[epoch 211][train_loss, train_acc, valid_loss, valid_acc] : 1.0451 0.5896 1.8191 0.5267
[epoch 212][train_loss, train_acc, valid_loss, valid_acc] : 1.0596 0.5859 1.9345 0.5200
[epoch 213][train_loss, train_acc, valid_loss, valid_acc] : 1.1889 0.5919 2.4136 0.5133
[epoch 214][train_loss, train_acc, valid_loss, valid_acc] : 1.2628 0.5889 2.7386 0.5000
[epoch 215][train_loss, train_acc, valid_loss, valid_acc] : 1.2032 0.5941 2.5183 0.5200
[epoch 216][train_loss, train_acc, valid_loss, valid_acc] : 1.0627 0.5911 1.9834 0.5133
[epoch 217][train_loss, train_acc, valid_loss, valid_acc] : 1.1726 0.5933 2.1453 0.5067
[epoch 218][train_loss, train_acc, valid_loss, valid_acc] : 1.4445 0.5904 3.0812 0.4933
[epoch 219][train_loss, train_acc, valid_loss, valid_acc] : 1.5506 0.5785 3.3421 0.4733
[epoch 220][train_loss, train_acc, valid_loss, valid_acc] : 1.2580 0.5852 2.5485 0.5000
[epoch 221][train_loss, train_acc, valid_loss, valid_acc] : 1.3493 0.5911 2.5512 0.5200
[epoch 222][train_loss, train_acc, valid_loss, valid_acc] : 1.3759 0.5867 2.9125 0.5067
[epoch 223][train_loss, train_acc, valid_loss, valid_acc] : 1.1638 0.5933 2.2416 0.5200
[epoch 224][train_loss, train_acc, valid_loss, valid_acc] : 1.4756 0.5896 3.2995 0.5067
[epoch 225][train_loss, train_acc, valid_loss, valid_acc] : 0.9590 0.5970 1.6619 0.5200
[epoch 226][train_loss, train_acc, valid_loss, valid_acc] : 0.8894 0.5956 1.3179 0.5133
[epoch 227][train_loss, train_acc, valid_loss, valid_acc] : 1.3046 0.5963 2.9178 0.5267
[epoch 228][train_loss, train_acc, valid_loss, valid_acc] : 1.0027 0.5978 1.7841 0.5200
[epoch 229][train_loss, train_acc, valid_loss, valid_acc] : 0.8811 0.5948 1.2750 0.5200
[epoch 230][train_loss, train_acc, valid_loss, valid_acc] : 1.2963 0.5874 2.7252 0.5200
[epoch 231][train_loss, train_acc, valid_loss, valid_acc] : 1.1262 0.5970 2.2540 0.5333
[epoch 232][train_loss, train_acc, valid_loss, valid_acc] : 1.4476 0.5889 3.0804 0.4867
[epoch 233][train_loss, train_acc, valid_loss, valid_acc] : 1.1790 0.5896 2.4050 0.4800
[epoch 234][train_loss, train_acc, valid_loss, valid_acc] : 0.9440 0.5978 1.5177 0.5200
[epoch 235][train_loss, train_acc, valid_loss, valid_acc] : 1.0934 0.5963 2.1037 0.5133
[epoch 236][train_loss, train_acc, valid_loss, valid_acc] : 1.1675 0.5919 2.2536 0.5133
[epoch 237][train_loss, train_acc, valid_loss, valid_acc] : 1.0805 0.5911 1.9168 0.5333
[epoch 238][train_loss, train_acc, valid_loss, valid_acc] : 0.8858 0.6007 1.2696 0.5067
[epoch 239][train_loss, train_acc, valid_loss, valid_acc] : 1.0206 0.5926 1.6180 0.5333
[epoch 240][train_loss, train_acc, valid_loss, valid_acc] : 0.8602 0.5956 1.0755 0.5067
[epoch 241][train_loss, train_acc, valid_loss, valid_acc] : 0.8963 0.5993 1.2710 0.5267
[epoch 242][train_loss, train_acc, valid_loss, valid_acc] : 0.8402 0.5985 1.0028 0.5467
[epoch 243][train_loss, train_acc, valid_loss, valid_acc] : 0.8203 0.6007 0.9899 0.5467
[epoch 244][train_loss, train_acc, valid_loss, valid_acc] : 1.1199 0.5926 1.5877 0.5200
[epoch 245][train_loss, train_acc, valid_loss, valid_acc] : 0.8857 0.5956 1.1675 0.5333
[epoch 246][train_loss, train_acc, valid_loss, valid_acc] : 1.1930 0.5874 1.6831 0.5067
[epoch 247][train_loss, train_acc, valid_loss, valid_acc] : 0.8558 0.6015 1.1741 0.5267
[epoch 248][train_loss, train_acc, valid_loss, valid_acc] : 0.9244 0.5948 1.3710 0.5333
[epoch 249][train_loss, train_acc, valid_loss, valid_acc] : 0.8836 0.6007 1.1937 0.5467
[epoch 250][train_loss, train_acc, valid_loss, valid_acc] : 0.9121 0.5993 1.3180 0.5200
[epoch 251][train_loss, train_acc, valid_loss, valid_acc] : 0.8112 0.6044 0.9671 0.5667
[epoch 252][train_loss, train_acc, valid_loss, valid_acc] : 0.9376 0.6000 1.4477 0.5400
[epoch 253][train_loss, train_acc, valid_loss, valid_acc] : 0.8910 0.6030 1.2504 0.5400
[epoch 254][train_loss, train_acc, valid_loss, valid_acc] : 1.0670 0.5919 1.9551 0.5000
[epoch 255][train_loss, train_acc, valid_loss, valid_acc] : 0.8915 0.6030 1.2819 0.5467
[epoch 256][train_loss, train_acc, valid_loss, valid_acc] : 0.9517 0.6000 1.4753 0.5467
[epoch 257][train_loss, train_acc, valid_loss, valid_acc] : 1.1576 0.6000 2.1739 0.5333
[epoch 258][train_loss, train_acc, valid_loss, valid_acc] : 1.0672 0.5993 1.9411 0.5400
[epoch 259][train_loss, train_acc, valid_loss, valid_acc] : 0.9318 0.5993 1.4610 0.5400
[epoch 260][train_loss, train_acc, valid_loss, valid_acc] : 0.8596 0.6007 1.1347 0.5467
[epoch 261][train_loss, train_acc, valid_loss, valid_acc] : 0.9589 0.5985 1.5291 0.5400
[epoch 262][train_loss, train_acc, valid_loss, valid_acc] : 0.8586 0.6000 1.1511 0.5400
[epoch 263][train_loss, train_acc, valid_loss, valid_acc] : 0.9080 0.6030 1.3503 0.5400
[epoch 264][train_loss, train_acc, valid_loss, valid_acc] : 0.8864 0.6000 1.3311 0.5467
[epoch 265][train_loss, train_acc, valid_loss, valid_acc] : 1.0309 0.6000 1.8409 0.5267
[epoch 266][train_loss, train_acc, valid_loss, valid_acc] : 0.9692 0.6022 1.6541 0.5467
[epoch 267][train_loss, train_acc, valid_loss, valid_acc] : 0.9553 0.6015 1.6227 0.5333
[epoch 268][train_loss, train_acc, valid_loss, valid_acc] : 1.0461 0.5985 1.9413 0.5400
[epoch 269][train_loss, train_acc, valid_loss, valid_acc] : 1.0080 0.5993 1.7536 0.5467
[epoch 270][train_loss, train_acc, valid_loss, valid_acc] : 0.8919 0.6030 1.3392 0.5467
[epoch 271][train_loss, train_acc, valid_loss, valid_acc] : 1.1223 0.5985 2.1454 0.5333
[epoch 272][train_loss, train_acc, valid_loss, valid_acc] : 0.9428 0.6015 1.5465 0.5400
[epoch 273][train_loss, train_acc, valid_loss, valid_acc] : 0.9554 0.6007 1.6026 0.5333
[epoch 274][train_loss, train_acc, valid_loss, valid_acc] : 0.9696 0.6030 1.5765 0.5467
[epoch 275][train_loss, train_acc, valid_loss, valid_acc] : 1.0845 0.5985 2.0636 0.5467
[epoch 276][train_loss, train_acc, valid_loss, valid_acc] : 1.1751 0.6015 2.3961 0.5133
[epoch 277][train_loss, train_acc, valid_loss, valid_acc] : 1.2655 0.6007 2.8341 0.5467
[epoch 278][train_loss, train_acc, valid_loss, valid_acc] : 1.1366 0.6007 2.1720 0.5400
[epoch 279][train_loss, train_acc, valid_loss, valid_acc] : 1.3588 0.5926 2.6807 0.5267
[epoch 280][train_loss, train_acc, valid_loss, valid_acc] : 0.9747 0.6059 1.7109 0.5533
[epoch 281][train_loss, train_acc, valid_loss, valid_acc] : 1.3739 0.5993 3.1595 0.5133
[epoch 282][train_loss, train_acc, valid_loss, valid_acc] : 0.9675 0.6000 1.6489 0.5333
[epoch 283][train_loss, train_acc, valid_loss, valid_acc] : 1.0405 0.6015 1.8912 0.5333
[epoch 284][train_loss, train_acc, valid_loss, valid_acc] : 0.9121 0.5978 1.3998 0.5200
[epoch 285][train_loss, train_acc, valid_loss, valid_acc] : 0.9002 0.6037 1.3774 0.5333
[epoch 286][train_loss, train_acc, valid_loss, valid_acc] : 1.0052 0.6015 1.7313 0.5400
[epoch 287][train_loss, train_acc, valid_loss, valid_acc] : 0.9246 0.6030 1.4976 0.5400
[epoch 288][train_loss, train_acc, valid_loss, valid_acc] : 0.9560 0.6059 1.6591 0.5467
[epoch 289][train_loss, train_acc, valid_loss, valid_acc] : 0.8870 0.6022 1.3167 0.5467
[epoch 290][train_loss, train_acc, valid_loss, valid_acc] : 0.8373 0.5978 1.1487 0.5200
[epoch 291][train_loss, train_acc, valid_loss, valid_acc] : 0.9554 0.5985 1.6229 0.5267
[epoch 292][train_loss, train_acc, valid_loss, valid_acc] : 0.9369 0.6015 1.5271 0.5400
[epoch 293][train_loss, train_acc, valid_loss, valid_acc] : 0.8775 0.6044 1.3105 0.5333
[epoch 294][train_loss, train_acc, valid_loss, valid_acc] : 0.8626 0.6000 1.2281 0.5267
[epoch 295][train_loss, train_acc, valid_loss, valid_acc] : 1.0719 0.6015 2.0772 0.5400
[epoch 296][train_loss, train_acc, valid_loss, valid_acc] : 0.9523 0.6000 1.5990 0.5400
[epoch 297][train_loss, train_acc, valid_loss, valid_acc] : 0.8911 0.6037 1.4176 0.5333
[epoch 298][train_loss, train_acc, valid_loss, valid_acc] : 1.0437 0.6037 1.9798 0.5333
[epoch 299][train_loss, train_acc, valid_loss, valid_acc] : 0.9474 0.6000 1.5856 0.5333
[epoch 300][train_loss, train_acc, valid_loss, valid_acc] : 0.8979 0.6007 1.4068 0.5333
[epoch 301][train_loss, train_acc, valid_loss, valid_acc] : 1.2261 0.5985 2.6558 0.5333
[epoch 302][train_loss, train_acc, valid_loss, valid_acc] : 0.8700 0.6007 1.2507 0.5267
[epoch 303][train_loss, train_acc, valid_loss, valid_acc] : 1.0569 0.6015 1.9527 0.5333
[epoch 304][train_loss, train_acc, valid_loss, valid_acc] : 1.0826 0.5978 2.1882 0.5067
[epoch 305][train_loss, train_acc, valid_loss, valid_acc] : 0.8820 0.6022 1.4195 0.5267
[epoch 306][train_loss, train_acc, valid_loss, valid_acc] : 0.9196 0.5985 1.4721 0.5067
[epoch 307][train_loss, train_acc, valid_loss, valid_acc] : 0.9261 0.6015 1.4943 0.5400
[epoch 308][train_loss, train_acc, valid_loss, valid_acc] : 0.8863 0.6022 1.3636 0.5467
[epoch 309][train_loss, train_acc, valid_loss, valid_acc] : 0.9156 0.5985 1.3993 0.5400
[epoch 310][train_loss, train_acc, valid_loss, valid_acc] : 0.8373 0.6030 1.1725 0.5467
[epoch 311][train_loss, train_acc, valid_loss, valid_acc] : 0.8853 0.6044 1.3457 0.5533
[epoch 312][train_loss, train_acc, valid_loss, valid_acc] : 0.9374 0.5978 1.6633 0.5333
[epoch 313][train_loss, train_acc, valid_loss, valid_acc] : 0.9129 0.6052 1.5126 0.5533
[epoch 314][train_loss, train_acc, valid_loss, valid_acc] : 0.8946 0.6059 1.4960 0.5533
[epoch 315][train_loss, train_acc, valid_loss, valid_acc] : 1.0580 0.6000 2.0812 0.5533
[epoch 316][train_loss, train_acc, valid_loss, valid_acc] : 0.8703 0.6022 1.3323 0.5267
[epoch 317][train_loss, train_acc, valid_loss, valid_acc] : 1.0220 0.6030 1.9458 0.5467
[epoch 318][train_loss, train_acc, valid_loss, valid_acc] : 0.8980 0.6015 1.4140 0.5267
[epoch 319][train_loss, train_acc, valid_loss, valid_acc] : 0.9846 0.6015 1.7566 0.5267
[epoch 320][train_loss, train_acc, valid_loss, valid_acc] : 0.9381 0.5970 1.6858 0.5267
[epoch 321][train_loss, train_acc, valid_loss, valid_acc] : 0.9438 0.6015 1.6784 0.5267
[epoch 322][train_loss, train_acc, valid_loss, valid_acc] : 0.9307 0.6044 1.5852 0.5533
[epoch 323][train_loss, train_acc, valid_loss, valid_acc] : 0.8693 0.5985 1.3717 0.5133
[epoch 324][train_loss, train_acc, valid_loss, valid_acc] : 0.9162 0.6022 1.5274 0.5467
[epoch 325][train_loss, train_acc, valid_loss, valid_acc] : 1.0398 0.6022 1.9096 0.5467
[epoch 326][train_loss, train_acc, valid_loss, valid_acc] : 0.9430 0.6015 1.7377 0.5267
[epoch 327][train_loss, train_acc, valid_loss, valid_acc] : 0.9185 0.6015 1.5094 0.5467
[epoch 328][train_loss, train_acc, valid_loss, valid_acc] : 0.9098 0.6030 1.5420 0.5467
[epoch 329][train_loss, train_acc, valid_loss, valid_acc] : 0.9534 0.6037 1.7272 0.5333
[epoch 330][train_loss, train_acc, valid_loss, valid_acc] : 0.8993 0.6030 1.4542 0.5400
[epoch 331][train_loss, train_acc, valid_loss, valid_acc] : 0.9085 0.6059 1.5346 0.5400
[epoch 332][train_loss, train_acc, valid_loss, valid_acc] : 1.1702 0.6007 2.4781 0.5267
[epoch 333][train_loss, train_acc, valid_loss, valid_acc] : 1.1721 0.5993 2.5615 0.5333
[epoch 334][train_loss, train_acc, valid_loss, valid_acc] : 1.0195 0.6015 2.0437 0.5467
[epoch 335][train_loss, train_acc, valid_loss, valid_acc] : 1.0376 0.6030 2.1209 0.5267
[epoch 336][train_loss, train_acc, valid_loss, valid_acc] : 1.0015 0.6044 1.9674 0.5400
[epoch 337][train_loss, train_acc, valid_loss, valid_acc] : 1.1690 0.5985 2.4575 0.5267
[epoch 338][train_loss, train_acc, valid_loss, valid_acc] : 1.1683 0.6007 2.4981 0.5333
[epoch 339][train_loss, train_acc, valid_loss, valid_acc] : 1.0358 0.6067 2.1892 0.5333
[epoch 340][train_loss, train_acc, valid_loss, valid_acc] : 1.0079 0.6044 2.1158 0.5333
[epoch 341][train_loss, train_acc, valid_loss, valid_acc] : 1.0531 0.6044 2.3294 0.5533
[epoch 342][train_loss, train_acc, valid_loss, valid_acc] : 0.9650 0.5978 1.8203 0.5200
[epoch 343][train_loss, train_acc, valid_loss, valid_acc] : 1.0731 0.6022 2.2409 0.5333
[epoch 344][train_loss, train_acc, valid_loss, valid_acc] : 1.1824 0.5941 2.6894 0.4933
[epoch 345][train_loss, train_acc, valid_loss, valid_acc] : 1.1101 0.5956 2.3792 0.5133
[epoch 346][train_loss, train_acc, valid_loss, valid_acc] : 1.3762 0.5956 3.4603 0.5400
[epoch 347][train_loss, train_acc, valid_loss, valid_acc] : 1.1398 0.6015 2.4573 0.5533
[epoch 348][train_loss, train_acc, valid_loss, valid_acc] : 0.9656 0.6059 1.8390 0.5533
[epoch 349][train_loss, train_acc, valid_loss, valid_acc] : 1.5081 0.5933 3.6390 0.5133
avg_epoch_Time  1.0156665128820084
max_epoch_Time  1.2864913940429688
min_epoch_Time  0.7634890079498291
